  [1m[35m (89.1ms)[0m  [1m[35mCREATE DATABASE "music_proj_development" ENCODING = 'unicode'[0m
  [1m[35m (41.9ms)[0m  [1m[35mCREATE DATABASE "music_proj_test" ENCODING = 'unicode'[0m
  [1m[35m (8.3ms)[0m  [1m[35mCREATE TABLE "schema_migrations" ("version" character varying NOT NULL PRIMARY KEY)[0m
  [1m[35m (3.2ms)[0m  [1m[35mCREATE TABLE "ar_internal_metadata" ("key" character varying NOT NULL PRIMARY KEY, "value" character varying, "created_at" timestamp(6) NOT NULL, "updated_at" timestamp(6) NOT NULL)[0m
  [1m[35m (0.1ms)[0m  [1m[34mSELECT pg_try_advisory_lock(5074034015891452605)[0m
  [1m[36mActiveRecord::SchemaMigration Pluck (0.4ms)[0m  [1m[34mSELECT "schema_migrations"."version" FROM "schema_migrations" ORDER BY "schema_migrations"."version" ASC[0m
Migrating to CreateUsers (20230221184306)
  [1m[36mTRANSACTION (0.1ms)[0m  [1m[35mBEGIN[0m
  [1m[35m (3.1ms)[0m  [1m[35mCREATE TABLE "users" ("id" bigserial primary key, "email" character varying NOT NULL, "password_digest" character varying NOT NULL, "session_token" character varying NOT NULL, "created_at" timestamp(6) NOT NULL, "updated_at" timestamp(6) NOT NULL)[0m
  [1m[35m (0.8ms)[0m  [1m[35mCREATE INDEX "index_users_on_email" ON "users" ("email")[0m
  [1m[35m (0.7ms)[0m  [1m[35mCREATE INDEX "index_users_on_session_token" ON "users" ("session_token")[0m
  [1m[36mActiveRecord::SchemaMigration Create (0.5ms)[0m  [1m[32mINSERT INTO "schema_migrations" ("version") VALUES ($1) RETURNING "version"[0m  [["version", "20230221184306"]]
  [1m[36mTRANSACTION (0.4ms)[0m  [1m[35mCOMMIT[0m
  [1m[36mActiveRecord::InternalMetadata Load (0.6ms)[0m  [1m[34mSELECT "ar_internal_metadata".* FROM "ar_internal_metadata" WHERE "ar_internal_metadata"."key" = $1 LIMIT $2[0m  [["key", "environment"], ["LIMIT", 1]]
  [1m[36mTRANSACTION (0.1ms)[0m  [1m[35mBEGIN[0m
  [1m[36mActiveRecord::InternalMetadata Create (0.7ms)[0m  [1m[32mINSERT INTO "ar_internal_metadata" ("key", "value", "created_at", "updated_at") VALUES ($1, $2, $3, $4) RETURNING "key"[0m  [["key", "environment"], ["value", "development"], ["created_at", "2023-02-21 18:47:31.609356"], ["updated_at", "2023-02-21 18:47:31.609356"]]
  [1m[36mTRANSACTION (0.2ms)[0m  [1m[35mCOMMIT[0m
  [1m[35m (0.2ms)[0m  [1m[34mSELECT pg_advisory_unlock(5074034015891452605)[0m
  [1m[36mActiveRecord::SchemaMigration Pluck (0.3ms)[0m  [1m[34mSELECT "schema_migrations"."version" FROM "schema_migrations" ORDER BY "schema_migrations"."version" ASC[0m
  [1m[36mActiveRecord::SchemaMigration Pluck (0.7ms)[0m  [1m[34mSELECT "schema_migrations"."version" FROM "schema_migrations" ORDER BY "schema_migrations"."version" ASC[0m
Started GET "/" for ::1 at 2023-02-21 14:47:26 -0500
  [1m[36mActiveRecord::SchemaMigration Pluck (0.7ms)[0m  [1m[34mSELECT "schema_migrations"."version" FROM "schema_migrations" ORDER BY "schema_migrations"."version" ASC[0m
Processing by Rails::WelcomeController#index as HTML
  Rendering /Users/kaiwu/.rbenv/versions/3.1.1/lib/ruby/gems/3.1.0/gems/railties-7.0.4.2/lib/rails/templates/rails/welcome/index.html.erb
  Rendered /Users/kaiwu/.rbenv/versions/3.1.1/lib/ruby/gems/3.1.0/gems/railties-7.0.4.2/lib/rails/templates/rails/welcome/index.html.erb (Duration: 1.1ms | Allocations: 526)
Completed 200 OK in 5ms (Views: 3.6ms | ActiveRecord: 0.0ms | Allocations: 2808)


Started GET "/users/new" for ::1 at 2023-02-21 14:47:34 -0500

SyntaxError - syntax error, unexpected ':', expecting `end'
        render: new 
              ^
/Users/kaiwu/Desktop/class_app_academy/W7/W7D2/music_proj/app/controllers/users_controller.rb:13: syntax error, unexpected ':', expecting `end'
           render: new 
                 ^
/Users/kaiwu/Desktop/class_app_academy/W7/W7D2/music_proj/app/controllers/users_controller.rb:19: syntax error, unexpected ':', expecting `end'
        render: show 
              ^:
  app/controllers/users_controller.rb:4:in `'

Started POST "/__better_errors/e2f1b163257c4892/variables" for ::1 at 2023-02-21 14:47:34 -0500
Started GET "/users/new" for ::1 at 2023-02-21 14:50:38 -0500
Processing by UsersController#new as HTML
  Rendering layout layouts/application.html.erb
  Rendering users/new.html.erb within layouts/application
  Rendered users/new.html.erb within layouts/application (Duration: 28.1ms | Allocations: 6111)
  Rendered layout layouts/application.html.erb (Duration: 28.9ms | Allocations: 6211)
Completed 500 Internal Server Error in 39ms (ActiveRecord: 3.8ms | Allocations: 12522)



NameError - undefined local variable or method `user' for #<ActionView::Base:0x00000000004a88>
Did you mean?  @user:
  app/views/users/new.html.erb:9
  app/controllers/users_controller.rb:4:in `new'

Started POST "/__better_errors/c1947ce04956f24c/variables" for ::1 at 2023-02-21 14:50:39 -0500
Started GET "/users/new" for ::1 at 2023-02-21 14:51:12 -0500
Processing by UsersController#new as HTML
  Rendering layout layouts/application.html.erb
  Rendering users/new.html.erb within layouts/application
  Rendered users/new.html.erb within layouts/application (Duration: 0.6ms | Allocations: 219)
  Rendered layout layouts/application.html.erb (Duration: 21.9ms | Allocations: 6747)
Completed 200 OK in 28ms (Views: 27.0ms | ActiveRecord: 0.0ms | Allocations: 7506)


Started POST "/users" for ::1 at 2023-02-21 14:51:27 -0500
Processing by UsersController#create as HTML
  Parameters: {"user"=>{"email"=>"kaiter@kaiter.com", "password"=>"[FILTERED]"}}
Can't verify CSRF token authenticity.
Completed 422 Unprocessable Entity in 2ms (ActiveRecord: 0.0ms | Allocations: 724)



ActionController::InvalidAuthenticityToken - Can't verify CSRF token authenticity.:

Started POST "/__better_errors/e03dd91372485ecd/variables" for ::1 at 2023-02-21 14:51:27 -0500
Started GET "/sessions/new" for ::1 at 2023-02-21 15:12:43 -0500
  
ActionController::RoutingError (No route matches [GET] "/sessions/new"):
  
Started GET "/session/new" for ::1 at 2023-02-21 15:12:47 -0500
Processing by SessionsController#new as HTML
  [1m[36mUser Load (1.8ms)[0m  [1m[34mSELECT "users".* FROM "users" WHERE "users"."session_token" IS NULL LIMIT $1[0m  [["LIMIT", 1]]
  ↳ app/controllers/application_controller.rb:9:in `current_user'
  Rendering layout layouts/application.html.erb
  Rendering sessions/new.html.erb within layouts/application
  Rendered sessions/new.html.erb within layouts/application (Duration: 0.6ms | Allocations: 262)
  Rendered layout layouts/application.html.erb (Duration: 2.6ms | Allocations: 1555)
Completed 200 OK in 37ms (Views: 4.0ms | ActiveRecord: 14.8ms | Allocations: 9072)


Started GET "/session/new" for ::1 at 2023-02-21 15:13:30 -0500
Processing by SessionsController#new as HTML
  [1m[36mUser Load (0.9ms)[0m  [1m[34mSELECT "users".* FROM "users" WHERE "users"."session_token" IS NULL LIMIT $1[0m  [["LIMIT", 1]]
  ↳ app/controllers/application_controller.rb:9:in `current_user'
  Rendering layout layouts/application.html.erb
  Rendering sessions/new.html.erb within layouts/application
  Rendered sessions/new.html.erb within layouts/application (Duration: 0.8ms | Allocations: 241)
  Rendered layout layouts/application.html.erb (Duration: 3.2ms | Allocations: 1529)
Completed 200 OK in 12ms (Views: 5.5ms | ActiveRecord: 0.9ms | Allocations: 3249)


Started GET "/session/new" for ::1 at 2023-02-21 15:13:31 -0500
Processing by SessionsController#new as HTML
  [1m[36mUser Load (0.6ms)[0m  [1m[34mSELECT "users".* FROM "users" WHERE "users"."session_token" IS NULL LIMIT $1[0m  [["LIMIT", 1]]
  ↳ app/controllers/application_controller.rb:9:in `current_user'
  Rendering layout layouts/application.html.erb
  Rendering sessions/new.html.erb within layouts/application
  Rendered sessions/new.html.erb within layouts/application (Duration: 0.4ms | Allocations: 60)
  Rendered layout layouts/application.html.erb (Duration: 2.2ms | Allocations: 1010)
Completed 200 OK in 6ms (Views: 2.7ms | ActiveRecord: 0.6ms | Allocations: 2250)


Started GET "/session/new" for ::1 at 2023-02-21 15:14:14 -0500
Processing by SessionsController#new as HTML
  [1m[36mUser Load (3.5ms)[0m  [1m[34mSELECT "users".* FROM "users" WHERE "users"."session_token" IS NULL LIMIT $1[0m  [["LIMIT", 1]]
  ↳ app/controllers/application_controller.rb:9:in `current_user'
  Rendering layout layouts/application.html.erb
  Rendering sessions/new.html.erb within layouts/application
  Rendered sessions/new.html.erb within layouts/application (Duration: 1.0ms | Allocations: 241)
  Rendered layout layouts/application.html.erb (Duration: 3.6ms | Allocations: 1530)
Completed 200 OK in 16ms (Views: 6.2ms | ActiveRecord: 3.5ms | Allocations: 3099)


Started GET "/users/new" for ::1 at 2023-02-21 15:14:58 -0500
Processing by UsersController#new as HTML
  Rendering layout layouts/application.html.erb
  Rendering users/new.html.erb within layouts/application
  Rendered users/new.html.erb within layouts/application (Duration: 1.3ms | Allocations: 221)
  Rendered layout layouts/application.html.erb (Duration: 3.8ms | Allocations: 1664)
Completed 200 OK in 15ms (Views: 6.6ms | ActiveRecord: 0.0ms | Allocations: 3603)


Started POST "/users" for ::1 at 2023-02-21 15:15:07 -0500
Processing by UsersController#create as HTML
  Parameters: {"user"=>{"email"=>"kaiter@yahoo.com", "password"=>"[FILTERED]"}}
Can't verify CSRF token authenticity.
Completed 422 Unprocessable Entity in 2ms (ActiveRecord: 0.0ms | Allocations: 664)



ActionController::InvalidAuthenticityToken - Can't verify CSRF token authenticity.:

Started POST "/__better_errors/681fe838c250186f/variables" for ::1 at 2023-02-21 15:15:07 -0500
Started GET "/users/new" for ::1 at 2023-02-21 15:15:51 -0500
Processing by UsersController#new as HTML
  Rendering layout layouts/application.html.erb
  Rendering users/new.html.erb within layouts/application
  Rendered users/new.html.erb within layouts/application (Duration: 1.6ms | Allocations: 543)
  Rendered layout layouts/application.html.erb (Duration: 3.5ms | Allocations: 1836)
Completed 200 OK in 7ms (Views: 6.5ms | ActiveRecord: 0.0ms | Allocations: 2571)


Started POST "/users" for ::1 at 2023-02-21 15:15:56 -0500
Processing by UsersController#create as HTML
  Parameters: {"authenticity_token"=>"[FILTERED]", "user"=>{"email"=>"kaiter@yahoo.com", "password"=>"[FILTERED]"}}
  [1m[36mTRANSACTION (0.5ms)[0m  [1m[35mBEGIN[0m
  ↳ app/models/user.rb:42:in `generate_unique_session_token'
  [1m[36mUser Exists? (1.5ms)[0m  [1m[34mSELECT 1 AS one FROM "users" WHERE "users"."session_token" = $1 LIMIT $2[0m  [["session_token", "[FILTERED]"], ["LIMIT", 1]]
  ↳ app/models/user.rb:42:in `generate_unique_session_token'
  [1m[36mUser Exists? (0.2ms)[0m  [1m[34mSELECT 1 AS one FROM "users" WHERE "users"."email" IS NULL LIMIT $1[0m  [["LIMIT", 1]]
  ↳ app/controllers/users_controller.rb:9:in `create'
  [1m[36mCACHE User Exists? (0.0ms)[0m  [1m[34mSELECT 1 AS one FROM "users" WHERE "users"."session_token" = $1 LIMIT $2[0m  [["session_token", "[FILTERED]"], ["LIMIT", 1]]
  ↳ app/controllers/users_controller.rb:9:in `create'
  [1m[36mTRANSACTION (0.2ms)[0m  [1m[31mROLLBACK[0m
  ↳ app/controllers/users_controller.rb:9:in `create'
  Rendering layout layouts/application.html.erb
  Rendering users/new.html.erb within layouts/application
  Rendered users/new.html.erb within layouts/application (Duration: 0.5ms | Allocations: 56)
  Rendered layout layouts/application.html.erb (Duration: 2.4ms | Allocations: 998)
Completed 200 OK in 19ms (Views: 2.9ms | ActiveRecord: 2.5ms | Allocations: 6593)


Started GET "/user/1" for ::1 at 2023-02-21 15:16:01 -0500
  
ActionController::RoutingError (No route matches [GET] "/user/1"):
  
Started GET "/users/1" for ::1 at 2023-02-21 15:16:06 -0500
Processing by UsersController#show as HTML
  Parameters: {"id"=>"1"}
  [1m[36mUser Load (0.5ms)[0m  [1m[34mSELECT "users".* FROM "users" WHERE "users"."id" = $1 LIMIT $2[0m  [["id", 1], ["LIMIT", 1]]
  ↳ app/controllers/users_controller.rb:18:in `show'
Completed 404 Not Found in 11ms (ActiveRecord: 0.5ms | Allocations: 1959)



ActiveRecord::RecordNotFound - Couldn't find User with 'id'=1:
  app/controllers/users_controller.rb:18:in `show'

Started POST "/__better_errors/46aab00f8783925f/variables" for ::1 at 2023-02-21 15:16:06 -0500
Started GET "/users/1" for ::1 at 2023-02-21 15:16:40 -0500
Processing by UsersController#show as HTML
  Parameters: {"id"=>"1"}
  [1m[36mUser Load (1.6ms)[0m  [1m[34mSELECT "users".* FROM "users" WHERE "users"."id" = $1 LIMIT $2[0m  [["id", 1], ["LIMIT", 1]]
  ↳ app/controllers/users_controller.rb:18:in `show'
Completed 404 Not Found in 7ms (ActiveRecord: 1.6ms | Allocations: 1131)



ActiveRecord::RecordNotFound - Couldn't find User with 'id'=1:
  app/controllers/users_controller.rb:18:in `show'

Started POST "/__better_errors/c6f27ba07980e78d/variables" for ::1 at 2023-02-21 15:16:40 -0500
Started GET "/users/1" for ::1 at 2023-02-21 15:16:59 -0500
Processing by UsersController#show as HTML
  Parameters: {"id"=>"1"}
  [1m[36mUser Load (1.0ms)[0m  [1m[34mSELECT "users".* FROM "users" WHERE "users"."id" = $1 LIMIT $2[0m  [["id", 1], ["LIMIT", 1]]
  ↳ app/controllers/users_controller.rb:18:in `show'
Completed 404 Not Found in 8ms (ActiveRecord: 1.0ms | Allocations: 1133)



ActiveRecord::RecordNotFound - Couldn't find User with 'id'=1:
  app/controllers/users_controller.rb:18:in `show'

Started POST "/__better_errors/743a3ca7b1b3a710/variables" for ::1 at 2023-02-21 15:16:59 -0500
Started GET "/users/new" for ::1 at 2023-02-21 15:17:04 -0500
Processing by UsersController#new as HTML
  Rendering layout layouts/application.html.erb
  Rendering users/new.html.erb within layouts/application
  Rendered users/new.html.erb within layouts/application (Duration: 2.5ms | Allocations: 526)
  Rendered layout layouts/application.html.erb (Duration: 4.9ms | Allocations: 1819)
Completed 200 OK in 11ms (Views: 10.5ms | ActiveRecord: 0.0ms | Allocations: 2554)


Started POST "/users" for ::1 at 2023-02-21 15:17:16 -0500
Processing by UsersController#create as HTML
  Parameters: {"authenticity_token"=>"[FILTERED]", "user"=>{"email"=>"kaiter@yahoo.com", "password"=>"[FILTERED]"}}
  [1m[36mTRANSACTION (0.4ms)[0m  [1m[35mBEGIN[0m
  ↳ app/models/user.rb:42:in `generate_unique_session_token'
  [1m[36mUser Exists? (5.8ms)[0m  [1m[34mSELECT 1 AS one FROM "users" WHERE "users"."session_token" = $1 LIMIT $2[0m  [["session_token", "[FILTERED]"], ["LIMIT", 1]]
  ↳ app/models/user.rb:42:in `generate_unique_session_token'
  [1m[36mUser Exists? (2.8ms)[0m  [1m[34mSELECT 1 AS one FROM "users" WHERE "users"."email" IS NULL LIMIT $1[0m  [["LIMIT", 1]]
  ↳ app/controllers/users_controller.rb:9:in `create'
  [1m[36mCACHE User Exists? (0.0ms)[0m  [1m[34mSELECT 1 AS one FROM "users" WHERE "users"."session_token" = $1 LIMIT $2[0m  [["session_token", "[FILTERED]"], ["LIMIT", 1]]
  ↳ app/controllers/users_controller.rb:9:in `create'
  [1m[36mTRANSACTION (0.4ms)[0m  [1m[31mROLLBACK[0m
  ↳ app/controllers/users_controller.rb:9:in `create'
  Rendering layout layouts/application.html.erb
  Rendering users/new.html.erb within layouts/application
  Rendered users/new.html.erb within layouts/application (Duration: 0.5ms | Allocations: 56)
  Rendered layout layouts/application.html.erb (Duration: 1.8ms | Allocations: 998)
Completed 200 OK in 26ms (Views: 2.3ms | ActiveRecord: 9.3ms | Allocations: 5270)


  [1m[36mUser Load (1.1ms)[0m  [1m[34mSELECT "users".* FROM "users"[0m
Started GET "/" for ::1 at 2023-02-21 15:20:21 -0500
Processing by Rails::WelcomeController#index as HTML
  Rendering /Users/kaiwu/.rbenv/versions/3.1.1/lib/ruby/gems/3.1.0/gems/railties-7.0.4.2/lib/rails/templates/rails/welcome/index.html.erb
  Rendered /Users/kaiwu/.rbenv/versions/3.1.1/lib/ruby/gems/3.1.0/gems/railties-7.0.4.2/lib/rails/templates/rails/welcome/index.html.erb (Duration: 13.8ms | Allocations: 276)
Completed 200 OK in 18ms (Views: 17.6ms | ActiveRecord: 0.0ms | Allocations: 791)


Started GET "/users1" for ::1 at 2023-02-21 15:20:26 -0500
  
ActionController::RoutingError (No route matches [GET] "/users1"):
  
Started GET "/users/1" for ::1 at 2023-02-21 15:20:28 -0500
Processing by UsersController#show as HTML
  Parameters: {"id"=>"1"}
  [1m[36mUser Load (2.3ms)[0m  [1m[34mSELECT "users".* FROM "users" WHERE "users"."id" = $1 LIMIT $2[0m  [["id", 1], ["LIMIT", 1]]
  ↳ app/controllers/users_controller.rb:18:in `show'
Completed 404 Not Found in 7ms (ActiveRecord: 2.3ms | Allocations: 1116)



ActiveRecord::RecordNotFound - Couldn't find User with 'id'=1:
  app/controllers/users_controller.rb:18:in `show'

Started POST "/__better_errors/17f0d307a1e6449e/variables" for ::1 at 2023-02-21 15:20:28 -0500
Started GET "/users/new" for ::1 at 2023-02-21 15:20:32 -0500
Processing by UsersController#new as HTML
  Rendering layout layouts/application.html.erb
  Rendering users/new.html.erb within layouts/application
  Rendered users/new.html.erb within layouts/application (Duration: 2.8ms | Allocations: 355)
  Rendered layout layouts/application.html.erb (Duration: 13.3ms | Allocations: 1434)
Completed 200 OK in 15ms (Views: 14.4ms | ActiveRecord: 0.0ms | Allocations: 1719)


Started POST "/users" for ::1 at 2023-02-21 15:20:40 -0500
Processing by UsersController#create as HTML
  Parameters: {"authenticity_token"=>"[FILTERED]", "user"=>{"email"=>"test@gmail.com", "password"=>"[FILTERED]"}}
  [1m[36mTRANSACTION (0.7ms)[0m  [1m[35mBEGIN[0m
  ↳ app/models/user.rb:42:in `generate_unique_session_token'
  [1m[36mUser Exists? (1.1ms)[0m  [1m[34mSELECT 1 AS one FROM "users" WHERE "users"."session_token" = $1 LIMIT $2[0m  [["session_token", "[FILTERED]"], ["LIMIT", 1]]
  ↳ app/models/user.rb:42:in `generate_unique_session_token'
  [1m[36mUser Exists? (0.4ms)[0m  [1m[34mSELECT 1 AS one FROM "users" WHERE "users"."email" IS NULL LIMIT $1[0m  [["LIMIT", 1]]
  ↳ app/controllers/users_controller.rb:9:in `create'
  [1m[36mCACHE User Exists? (0.0ms)[0m  [1m[34mSELECT 1 AS one FROM "users" WHERE "users"."session_token" = $1 LIMIT $2[0m  [["session_token", "[FILTERED]"], ["LIMIT", 1]]
  ↳ app/controllers/users_controller.rb:9:in `create'
  [1m[36mTRANSACTION (0.2ms)[0m  [1m[31mROLLBACK[0m
  ↳ app/controllers/users_controller.rb:9:in `create'
  Rendering layout layouts/application.html.erb
  Rendering users/new.html.erb within layouts/application
  Rendered users/new.html.erb within layouts/application (Duration: 0.2ms | Allocations: 56)
  Rendered layout layouts/application.html.erb (Duration: 1.6ms | Allocations: 998)
Completed 200 OK in 19ms (Views: 2.0ms | ActiveRecord: 2.3ms | Allocations: 5245)


Started POST "/users" for ::1 at 2023-02-21 15:22:18 -0500
Processing by UsersController#create as HTML
  Parameters: {"authenticity_token"=>"[FILTERED]", "user"=>{"email"=>"kaiter@aim.com", "password"=>"[FILTERED]"}}
  [1m[36mTRANSACTION (0.1ms)[0m  [1m[35mBEGIN[0m
  ↳ app/models/user.rb:42:in `generate_unique_session_token'
  [1m[36mUser Exists? (1.0ms)[0m  [1m[34mSELECT 1 AS one FROM "users" WHERE "users"."session_token" = $1 LIMIT $2[0m  [["session_token", "[FILTERED]"], ["LIMIT", 1]]
  ↳ app/models/user.rb:42:in `generate_unique_session_token'
  [1m[36mUser Exists? (0.2ms)[0m  [1m[34mSELECT 1 AS one FROM "users" WHERE "users"."email" IS NULL LIMIT $1[0m  [["LIMIT", 1]]
  ↳ app/controllers/users_controller.rb:9:in `create'
  [1m[36mCACHE User Exists? (0.0ms)[0m  [1m[34mSELECT 1 AS one FROM "users" WHERE "users"."session_token" = $1 LIMIT $2[0m  [["session_token", "[FILTERED]"], ["LIMIT", 1]]
  ↳ app/controllers/users_controller.rb:9:in `create'
  [1m[36mTRANSACTION (0.1ms)[0m  [1m[31mROLLBACK[0m
  ↳ app/controllers/users_controller.rb:9:in `create'
  Rendering layout layouts/application.html.erb
  Rendering users/new.html.erb within layouts/application
  Rendered users/new.html.erb within layouts/application (Duration: 0.2ms | Allocations: 105)
  Rendered layout layouts/application.html.erb (Duration: 1.5ms | Allocations: 1240)
Completed 200 OK in 24ms (Views: 2.0ms | ActiveRecord: 13.1ms | Allocations: 11651)


Started GET "/sessions/new" for ::1 at 2023-02-21 15:23:30 -0500
  
ActionController::RoutingError (No route matches [GET] "/sessions/new"):
  
Started GET "/session/new" for ::1 at 2023-02-21 15:23:35 -0500
Processing by SessionsController#new as HTML
  [1m[36mUser Load (0.6ms)[0m  [1m[34mSELECT "users".* FROM "users" WHERE "users"."session_token" IS NULL LIMIT $1[0m  [["LIMIT", 1]]
  ↳ app/controllers/application_controller.rb:9:in `current_user'
  Rendering layout layouts/application.html.erb
  Rendering sessions/new.html.erb within layouts/application
  Rendered sessions/new.html.erb within layouts/application (Duration: 1.5ms | Allocations: 257)
  Rendered layout layouts/application.html.erb (Duration: 3.5ms | Allocations: 1401)
Completed 200 OK in 11ms (Views: 5.4ms | ActiveRecord: 0.6ms | Allocations: 3135)


Started POST "/session" for ::1 at 2023-02-21 15:23:42 -0500
Processing by SessionsController#create as HTML
  Parameters: {"authenticity_token"=>"[FILTERED]", "user"=>{"email"=>"test@gmail.com", "password"=>"[FILTERED]"}}
  [1m[36mUser Load (1.6ms)[0m  [1m[34mSELECT "users".* FROM "users" WHERE "users"."session_token" IS NULL LIMIT $1[0m  [["LIMIT", 1]]
  ↳ app/controllers/application_controller.rb:9:in `current_user'
  [1m[36mUser Load (0.3ms)[0m  [1m[34mSELECT "users".* FROM "users" WHERE "users"."email" = $1 LIMIT $2[0m  [["email", "test@gmail.com"], ["LIMIT", 1]]
  ↳ app/models/user.rb:22:in `find_by_credentials'
  Rendering layout layouts/application.html.erb
  Rendering sessions/new.html.erb within layouts/application
  Rendered sessions/new.html.erb within layouts/application (Duration: 0.4ms | Allocations: 56)
  Rendered layout layouts/application.html.erb (Duration: 2.3ms | Allocations: 1004)
Completed 200 OK in 20ms (Views: 3.1ms | ActiveRecord: 1.8ms | Allocations: 2892)


Started POST "/session" for ::1 at 2023-02-21 15:23:49 -0500
Processing by SessionsController#create as HTML
  Parameters: {"authenticity_token"=>"[FILTERED]", "user"=>{"email"=>"kaiter@yahoo.com", "password"=>"[FILTERED]"}}
  [1m[36mUser Load (0.5ms)[0m  [1m[34mSELECT "users".* FROM "users" WHERE "users"."session_token" IS NULL LIMIT $1[0m  [["LIMIT", 1]]
  ↳ app/controllers/application_controller.rb:9:in `current_user'
  [1m[36mUser Load (1.3ms)[0m  [1m[34mSELECT "users".* FROM "users" WHERE "users"."email" = $1 LIMIT $2[0m  [["email", "kaiter@yahoo.com"], ["LIMIT", 1]]
  ↳ app/models/user.rb:22:in `find_by_credentials'
  Rendering layout layouts/application.html.erb
  Rendering sessions/new.html.erb within layouts/application
  Rendered sessions/new.html.erb within layouts/application (Duration: 0.4ms | Allocations: 56)
  Rendered layout layouts/application.html.erb (Duration: 2.7ms | Allocations: 998)
Completed 200 OK in 16ms (Views: 3.4ms | ActiveRecord: 1.7ms | Allocations: 2557)


  [1m[36mUser Load (1.0ms)[0m  [1m[34mSELECT "users".* FROM "users"[0m
Started GET "/users/new" for ::1 at 2023-02-21 15:25:49 -0500
Processing by UsersController#new as HTML
  Rendering layout layouts/application.html.erb
  Rendering users/new.html.erb within layouts/application
  Rendered users/new.html.erb within layouts/application (Duration: 1.5ms | Allocations: 274)
  Rendered layout layouts/application.html.erb (Duration: 5.5ms | Allocations: 1224)
Completed 200 OK in 8ms (Views: 6.8ms | ActiveRecord: 0.0ms | Allocations: 1450)


Started POST "/users" for ::1 at 2023-02-21 15:25:58 -0500
Processing by UsersController#create as HTML
  Parameters: {"authenticity_token"=>"[FILTERED]", "user"=>{"email"=>"peter@gmail.com", "password"=>"[FILTERED]"}}
  [1m[36mTRANSACTION (0.6ms)[0m  [1m[35mBEGIN[0m
  ↳ app/models/user.rb:42:in `generate_unique_session_token'
  [1m[36mUser Exists? (3.0ms)[0m  [1m[34mSELECT 1 AS one FROM "users" WHERE "users"."session_token" = $1 LIMIT $2[0m  [["session_token", "[FILTERED]"], ["LIMIT", 1]]
  ↳ app/models/user.rb:42:in `generate_unique_session_token'
  [1m[36mUser Exists? (0.5ms)[0m  [1m[34mSELECT 1 AS one FROM "users" WHERE "users"."email" IS NULL LIMIT $1[0m  [["LIMIT", 1]]
  ↳ app/controllers/users_controller.rb:9:in `create'
  [1m[36mCACHE User Exists? (0.0ms)[0m  [1m[34mSELECT 1 AS one FROM "users" WHERE "users"."session_token" = $1 LIMIT $2[0m  [["session_token", "[FILTERED]"], ["LIMIT", 1]]
  ↳ app/controllers/users_controller.rb:9:in `create'
  [1m[36mTRANSACTION (0.2ms)[0m  [1m[31mROLLBACK[0m
  ↳ app/controllers/users_controller.rb:9:in `create'
  Rendering layout layouts/application.html.erb
  Rendering users/new.html.erb within layouts/application
  Rendered users/new.html.erb within layouts/application (Duration: 0.3ms | Allocations: 56)
  Rendered layout layouts/application.html.erb (Duration: 2.3ms | Allocations: 998)
Completed 200 OK in 25ms (Views: 2.8ms | ActiveRecord: 4.3ms | Allocations: 5960)


Started GET "/" for ::1 at 2023-02-21 15:26:24 -0500
  [1m[36mActiveRecord::SchemaMigration Pluck (1.0ms)[0m  [1m[34mSELECT "schema_migrations"."version" FROM "schema_migrations" ORDER BY "schema_migrations"."version" ASC[0m
Processing by Rails::WelcomeController#index as HTML
  Rendering /Users/kaiwu/.rbenv/versions/3.1.1/lib/ruby/gems/3.1.0/gems/railties-7.0.4.2/lib/rails/templates/rails/welcome/index.html.erb
  Rendered /Users/kaiwu/.rbenv/versions/3.1.1/lib/ruby/gems/3.1.0/gems/railties-7.0.4.2/lib/rails/templates/rails/welcome/index.html.erb (Duration: 0.8ms | Allocations: 526)
Completed 200 OK in 5ms (Views: 3.1ms | ActiveRecord: 0.0ms | Allocations: 2809)


Started GET "/users" for ::1 at 2023-02-21 15:26:28 -0500
  
ActionController::RoutingError (No route matches [GET] "/users"):
  
Started GET "/users/1" for ::1 at 2023-02-21 15:26:34 -0500
Processing by UsersController#show as HTML
  Parameters: {"id"=>"1"}
  [1m[36mUser Load (0.6ms)[0m  [1m[34mSELECT "users".* FROM "users" WHERE "users"."id" = $1 LIMIT $2[0m  [["id", 1], ["LIMIT", 1]]
  ↳ app/controllers/users_controller.rb:20:in `show'
Completed 404 Not Found in 15ms (ActiveRecord: 6.1ms | Allocations: 5876)



ActiveRecord::RecordNotFound - Couldn't find User with 'id'=1:
  app/controllers/users_controller.rb:20:in `show'

Started POST "/__better_errors/ea767dbde78ca47c/variables" for ::1 at 2023-02-21 15:26:34 -0500
Started GET "/users/new" for ::1 at 2023-02-21 15:26:36 -0500
Processing by UsersController#new as HTML
  Rendering layout layouts/application.html.erb
  Rendering users/new.html.erb within layouts/application
  Rendered users/new.html.erb within layouts/application (Duration: 1.8ms | Allocations: 644)
  Rendered layout layouts/application.html.erb (Duration: 9.0ms | Allocations: 3676)
Completed 200 OK in 26ms (Views: 11.0ms | ActiveRecord: 0.0ms | Allocations: 8233)


  [1m[36mUser Load (1.0ms)[0m  [1m[34mSELECT "users".* FROM "users"[0m
  [1m[36mUser Load (0.4ms)[0m  [1m[34mSELECT "users".* FROM "users" ORDER BY "users"."id" ASC LIMIT $1[0m  [["LIMIT", 1]]
Started GET "/users/new" for ::1 at 2023-02-21 15:32:48 -0500
Processing by UsersController#new as HTML
  Rendering layout layouts/application.html.erb
  Rendering users/new.html.erb within layouts/application
  Rendered users/new.html.erb within layouts/application (Duration: 0.4ms | Allocations: 403)
  Rendered layout layouts/application.html.erb (Duration: 1.3ms | Allocations: 1550)
Completed 200 OK in 14ms (Views: 1.8ms | ActiveRecord: 5.1ms | Allocations: 7378)


Started POST "/users" for ::1 at 2023-02-21 15:32:59 -0500
Processing by UsersController#create as HTML
  Parameters: {"authenticity_token"=>"[FILTERED]", "user"=>{"email"=>"tester@yahoo.com", "password"=>"[FILTERED]"}}
  [1m[36mTRANSACTION (0.2ms)[0m  [1m[35mBEGIN[0m
  ↳ app/models/user.rb:42:in `generate_unique_session_token'
  [1m[36mUser Exists? (4.0ms)[0m  [1m[34mSELECT 1 AS one FROM "users" WHERE "users"."session_token" = $1 LIMIT $2[0m  [["session_token", "[FILTERED]"], ["LIMIT", 1]]
  ↳ app/models/user.rb:42:in `generate_unique_session_token'
  [1m[36mUser Exists? (0.3ms)[0m  [1m[34mSELECT 1 AS one FROM "users" WHERE "users"."email" IS NULL LIMIT $1[0m  [["LIMIT", 1]]
  ↳ app/controllers/users_controller.rb:9:in `create'
  [1m[36mCACHE User Exists? (0.0ms)[0m  [1m[34mSELECT 1 AS one FROM "users" WHERE "users"."session_token" = $1 LIMIT $2[0m  [["session_token", "[FILTERED]"], ["LIMIT", 1]]
  ↳ app/controllers/users_controller.rb:9:in `create'
  [1m[36mTRANSACTION (0.1ms)[0m  [1m[31mROLLBACK[0m
  ↳ app/controllers/users_controller.rb:9:in `create'
  Rendering layout layouts/application.html.erb
  Rendering users/new.html.erb within layouts/application
  Rendered users/new.html.erb within layouts/application (Duration: 0.3ms | Allocations: 69)
  Rendered layout layouts/application.html.erb (Duration: 1.7ms | Allocations: 1125)
Completed 200 OK in 18ms (Views: 2.1ms | ActiveRecord: 4.7ms | Allocations: 8951)


Started POST "/users" for ::1 at 2023-02-21 15:36:35 -0500
Processing by UsersController#create as HTML
  Parameters: {"authenticity_token"=>"[FILTERED]", "user"=>{"email"=>"tester@yahoo.com", "password"=>"[FILTERED]"}}
  [1m[36mTRANSACTION (0.5ms)[0m  [1m[35mBEGIN[0m
  ↳ app/models/user.rb:42:in `generate_unique_session_token'
  [1m[36mUser Exists? (1.6ms)[0m  [1m[34mSELECT 1 AS one FROM "users" WHERE "users"."session_token" = $1 LIMIT $2[0m  [["session_token", "[FILTERED]"], ["LIMIT", 1]]
  ↳ app/models/user.rb:42:in `generate_unique_session_token'
  [1m[36mUser Exists? (0.5ms)[0m  [1m[34mSELECT 1 AS one FROM "users" WHERE "users"."email" IS NULL LIMIT $1[0m  [["LIMIT", 1]]
  ↳ app/controllers/users_controller.rb:9:in `create'
  [1m[36mCACHE User Exists? (0.0ms)[0m  [1m[34mSELECT 1 AS one FROM "users" WHERE "users"."session_token" = $1 LIMIT $2[0m  [["session_token", "[FILTERED]"], ["LIMIT", 1]]
  ↳ app/controllers/users_controller.rb:9:in `create'
  [1m[36mTRANSACTION (1.0ms)[0m  [1m[31mROLLBACK[0m
  ↳ app/controllers/users_controller.rb:9:in `create'
  Rendering layout layouts/application.html.erb
  Rendering users/new.html.erb within layouts/application
  Rendered users/new.html.erb within layouts/application (Duration: 0.8ms | Allocations: 250)
  Rendered layout layouts/application.html.erb (Duration: 3.4ms | Allocations: 1527)
Completed 200 OK in 23ms (Views: 6.2ms | ActiveRecord: 3.6ms | Allocations: 6898)


Started POST "/users" for ::1 at 2023-02-21 15:36:44 -0500
Processing by UsersController#create as HTML
  Parameters: {"authenticity_token"=>"[FILTERED]", "user"=>{"email"=>"kaiterwu@gmail.com", "password"=>"[FILTERED]"}}
  [1m[36mTRANSACTION (0.7ms)[0m  [1m[35mBEGIN[0m
  ↳ app/models/user.rb:42:in `generate_unique_session_token'
  [1m[36mUser Exists? (2.2ms)[0m  [1m[34mSELECT 1 AS one FROM "users" WHERE "users"."session_token" = $1 LIMIT $2[0m  [["session_token", "[FILTERED]"], ["LIMIT", 1]]
  ↳ app/models/user.rb:42:in `generate_unique_session_token'
  [1m[36mUser Exists? (0.7ms)[0m  [1m[34mSELECT 1 AS one FROM "users" WHERE "users"."email" IS NULL LIMIT $1[0m  [["LIMIT", 1]]
  ↳ app/controllers/users_controller.rb:9:in `create'
  [1m[36mCACHE User Exists? (0.0ms)[0m  [1m[34mSELECT 1 AS one FROM "users" WHERE "users"."session_token" = $1 LIMIT $2[0m  [["session_token", "[FILTERED]"], ["LIMIT", 1]]
  ↳ app/controllers/users_controller.rb:9:in `create'
  [1m[36mTRANSACTION (0.2ms)[0m  [1m[31mROLLBACK[0m
  ↳ app/controllers/users_controller.rb:9:in `create'
  Rendering layout layouts/application.html.erb
  Rendering users/new.html.erb within layouts/application
  Rendered users/new.html.erb within layouts/application (Duration: 0.5ms | Allocations: 56)
  Rendered layout layouts/application.html.erb (Duration: 2.8ms | Allocations: 999)
Completed 200 OK in 24ms (Views: 3.5ms | ActiveRecord: 3.9ms | Allocations: 6132)


  [1m[36mUser Load (0.5ms)[0m  [1m[34mSELECT "users".* FROM "users"[0m
Started POST "/users" for ::1 at 2023-02-21 15:42:37 -0500
Processing by UsersController#create as HTML
  Parameters: {"authenticity_token"=>"[FILTERED]", "user"=>{"email"=>"kaiterwu@gmail.com", "password"=>"[FILTERED]"}}
  [1m[36mTRANSACTION (0.1ms)[0m  [1m[35mBEGIN[0m
  ↳ app/models/user.rb:42:in `generate_unique_session_token'
  [1m[36mUser Exists? (2.4ms)[0m  [1m[34mSELECT 1 AS one FROM "users" WHERE "users"."session_token" = $1 LIMIT $2[0m  [["session_token", "[FILTERED]"], ["LIMIT", 1]]
  ↳ app/models/user.rb:42:in `generate_unique_session_token'
  [1m[36mUser Exists? (1.3ms)[0m  [1m[34mSELECT 1 AS one FROM "users" WHERE "users"."email" IS NULL LIMIT $1[0m  [["LIMIT", 1]]
  ↳ app/controllers/users_controller.rb:9:in `create'
  [1m[36mCACHE User Exists? (0.0ms)[0m  [1m[34mSELECT 1 AS one FROM "users" WHERE "users"."session_token" = $1 LIMIT $2[0m  [["session_token", "[FILTERED]"], ["LIMIT", 1]]
  ↳ app/controllers/users_controller.rb:9:in `create'
  [1m[36mTRANSACTION (0.4ms)[0m  [1m[31mROLLBACK[0m
  ↳ app/controllers/users_controller.rb:9:in `create'
  Rendering layout layouts/application.html.erb
  Rendering users/new.html.erb within layouts/application
  Rendered users/new.html.erb within layouts/application (Duration: 0.7ms | Allocations: 251)
  Rendered layout layouts/application.html.erb (Duration: 2.4ms | Allocations: 1528)
Completed 200 OK in 42ms (Views: 3.9ms | ActiveRecord: 18.4ms | Allocations: 9721)


Started POST "/users" for ::1 at 2023-02-21 15:42:48 -0500
Processing by UsersController#create as HTML
  Parameters: {"authenticity_token"=>"[FILTERED]", "user"=>{"email"=>"testing1@yahoo.com", "password"=>"[FILTERED]"}}
  [1m[36mTRANSACTION (1.1ms)[0m  [1m[35mBEGIN[0m
  ↳ app/models/user.rb:42:in `generate_unique_session_token'
  [1m[36mUser Exists? (1.0ms)[0m  [1m[34mSELECT 1 AS one FROM "users" WHERE "users"."session_token" = $1 LIMIT $2[0m  [["session_token", "[FILTERED]"], ["LIMIT", 1]]
  ↳ app/models/user.rb:42:in `generate_unique_session_token'
  [1m[36mUser Exists? (0.5ms)[0m  [1m[34mSELECT 1 AS one FROM "users" WHERE "users"."email" IS NULL LIMIT $1[0m  [["LIMIT", 1]]
  ↳ app/controllers/users_controller.rb:9:in `create'
  [1m[36mCACHE User Exists? (0.0ms)[0m  [1m[34mSELECT 1 AS one FROM "users" WHERE "users"."session_token" = $1 LIMIT $2[0m  [["session_token", "[FILTERED]"], ["LIMIT", 1]]
  ↳ app/controllers/users_controller.rb:9:in `create'
  [1m[36mTRANSACTION (0.5ms)[0m  [1m[31mROLLBACK[0m
  ↳ app/controllers/users_controller.rb:9:in `create'
  Rendering layout layouts/application.html.erb
  Rendering users/new.html.erb within layouts/application
  Rendered users/new.html.erb within layouts/application (Duration: 0.3ms | Allocations: 56)
  Rendered layout layouts/application.html.erb (Duration: 2.5ms | Allocations: 998)
Completed 200 OK in 18ms (Views: 3.2ms | ActiveRecord: 3.1ms | Allocations: 6119)


Started GET "/users/1" for ::1 at 2023-02-21 16:03:57 -0500
Processing by UsersController#show as HTML
  Parameters: {"id"=>"1"}
  [1m[36mUser Load (2.8ms)[0m  [1m[34mSELECT "users".* FROM "users" WHERE "users"."id" = $1 LIMIT $2[0m  [["id", 1], ["LIMIT", 1]]
  ↳ app/controllers/users_controller.rb:20:in `show'
Completed 404 Not Found in 31ms (ActiveRecord: 13.5ms | Allocations: 4789)



ActiveRecord::RecordNotFound - Couldn't find User with 'id'=1:
  app/controllers/users_controller.rb:20:in `show'

Started POST "/__better_errors/a50a125d20d61268/variables" for ::1 at 2023-02-21 16:03:57 -0500
Started GET "/users/0" for ::1 at 2023-02-21 16:04:02 -0500
Processing by UsersController#show as HTML
  Parameters: {"id"=>"0"}
  [1m[36mUser Load (1.1ms)[0m  [1m[34mSELECT "users".* FROM "users" WHERE "users"."id" = $1 LIMIT $2[0m  [["id", 0], ["LIMIT", 1]]
  ↳ app/controllers/users_controller.rb:20:in `show'
Completed 404 Not Found in 6ms (ActiveRecord: 1.1ms | Allocations: 1132)



ActiveRecord::RecordNotFound - Couldn't find User with 'id'=0:
  app/controllers/users_controller.rb:20:in `show'

Started POST "/__better_errors/b8a29cb741de38c8/variables" for ::1 at 2023-02-21 16:04:02 -0500
Started GET "/users/1" for ::1 at 2023-02-21 16:04:04 -0500
Processing by UsersController#show as HTML
  Parameters: {"id"=>"1"}
  [1m[36mUser Load (1.5ms)[0m  [1m[34mSELECT "users".* FROM "users" WHERE "users"."id" = $1 LIMIT $2[0m  [["id", 1], ["LIMIT", 1]]
  ↳ app/controllers/users_controller.rb:20:in `show'
Completed 404 Not Found in 6ms (ActiveRecord: 1.5ms | Allocations: 1132)



ActiveRecord::RecordNotFound - Couldn't find User with 'id'=1:
  app/controllers/users_controller.rb:20:in `show'

Started POST "/__better_errors/a9c562349f433d5f/variables" for ::1 at 2023-02-21 16:04:04 -0500
Started GET "/" for ::1 at 2023-02-21 16:05:54 -0500
Processing by Rails::WelcomeController#index as HTML
  Rendering /Users/kaiwu/.rbenv/versions/3.1.1/lib/ruby/gems/3.1.0/gems/railties-7.0.4.2/lib/rails/templates/rails/welcome/index.html.erb
  Rendered /Users/kaiwu/.rbenv/versions/3.1.1/lib/ruby/gems/3.1.0/gems/railties-7.0.4.2/lib/rails/templates/rails/welcome/index.html.erb (Duration: 1.7ms | Allocations: 281)
Completed 200 OK in 4ms (Views: 2.7ms | ActiveRecord: 0.0ms | Allocations: 848)


Started GET "/users/new" for ::1 at 2023-02-21 16:05:57 -0500
Processing by UsersController#new as HTML
  Rendering layout layouts/application.html.erb
  Rendering users/new.html.erb within layouts/application
  Rendered users/new.html.erb within layouts/application (Duration: 2.5ms | Allocations: 375)
  Rendered layout layouts/application.html.erb (Duration: 7.7ms | Allocations: 1453)
Completed 200 OK in 9ms (Views: 8.7ms | ActiveRecord: 0.0ms | Allocations: 1701)


Started POST "/users" for ::1 at 2023-02-21 16:06:08 -0500
Processing by UsersController#create as HTML
  Parameters: {"authenticity_token"=>"[FILTERED]", "user"=>{"email"=>"test@cool.com", "password"=>"[FILTERED]"}}
  [1m[36mTRANSACTION (1.3ms)[0m  [1m[35mBEGIN[0m
  ↳ app/models/user.rb:42:in `generate_unique_session_token'
  [1m[36mUser Exists? (1.4ms)[0m  [1m[34mSELECT 1 AS one FROM "users" WHERE "users"."session_token" = $1 LIMIT $2[0m  [["session_token", "[FILTERED]"], ["LIMIT", 1]]
  ↳ app/models/user.rb:42:in `generate_unique_session_token'
  [1m[36mUser Exists? (0.2ms)[0m  [1m[34mSELECT 1 AS one FROM "users" WHERE "users"."email" IS NULL LIMIT $1[0m  [["LIMIT", 1]]
  ↳ app/controllers/users_controller.rb:9:in `create'
  [1m[36mCACHE User Exists? (0.0ms)[0m  [1m[34mSELECT 1 AS one FROM "users" WHERE "users"."session_token" = $1 LIMIT $2[0m  [["session_token", "[FILTERED]"], ["LIMIT", 1]]
  ↳ app/controllers/users_controller.rb:9:in `create'
  [1m[36mTRANSACTION (0.2ms)[0m  [1m[31mROLLBACK[0m
  ↳ app/controllers/users_controller.rb:9:in `create'
  Rendering layout layouts/application.html.erb
  Rendering users/new.html.erb within layouts/application
  Rendered users/new.html.erb within layouts/application (Duration: 0.4ms | Allocations: 56)
  Rendered layout layouts/application.html.erb (Duration: 2.0ms | Allocations: 998)
Completed 200 OK in 20ms (Views: 2.5ms | ActiveRecord: 3.1ms | Allocations: 6097)


Started POST "/users" for ::1 at 2023-02-21 16:07:55 -0500
Processing by UsersController#create as HTML
  Parameters: {"authenticity_token"=>"[FILTERED]", "user"=>{"email"=>"test@test.com", "password"=>"[FILTERED]"}}
Completed 500 Internal Server Error in 17ms (ActiveRecord: 12.4ms | Allocations: 6283)



NameError - uninitialized constant User::BCrypt
        self.password_digest = BCrypt::Password.create(password)
                               ^^^^^^:
  app/models/user.rb:31:in `password='
  app/controllers/users_controller.rb:8:in `create'

Started POST "/__better_errors/f2cdb09ca96e146d/variables" for ::1 at 2023-02-21 16:07:55 -0500
Started GET "/users/new" for ::1 at 2023-02-21 16:08:37 -0500
Processing by UsersController#new as HTML
  Rendering layout layouts/application.html.erb
  Rendering users/new.html.erb within layouts/application
  Rendered users/new.html.erb within layouts/application (Duration: 1.8ms | Allocations: 378)
  Rendered layout layouts/application.html.erb (Duration: 7.3ms | Allocations: 1523)
Completed 200 OK in 13ms (Views: 12.2ms | ActiveRecord: 0.0ms | Allocations: 2046)


Started POST "/users" for ::1 at 2023-02-21 16:08:47 -0500
Processing by UsersController#create as HTML
  Parameters: {"authenticity_token"=>"[FILTERED]", "user"=>{"email"=>"test@test.com", "password"=>"[FILTERED]"}}
Completed 500 Internal Server Error in 11ms (ActiveRecord: 0.0ms | Allocations: 3311)



NameError - uninitialized constant User::BCrypt
        self.password_digest = BCrypt::Password.create(password)
                               ^^^^^^:
  app/models/user.rb:31:in `password='
  app/controllers/users_controller.rb:8:in `create'

Started POST "/__better_errors/09107ce7849d586f/variables" for ::1 at 2023-02-21 16:08:47 -0500
Started GET "/users/new" for ::1 at 2023-02-21 16:13:45 -0500
  [1m[36mActiveRecord::SchemaMigration Pluck (1.6ms)[0m  [1m[34mSELECT "schema_migrations"."version" FROM "schema_migrations" ORDER BY "schema_migrations"."version" ASC[0m
Processing by UsersController#new as HTML
  Rendering layout layouts/application.html.erb
  Rendering users/new.html.erb within layouts/application
  Rendered users/new.html.erb within layouts/application (Duration: 2.3ms | Allocations: 1022)
  Rendered layout layouts/application.html.erb (Duration: 5.2ms | Allocations: 4130)
Completed 200 OK in 19ms (Views: 9.2ms | ActiveRecord: 4.3ms | Allocations: 11952)


Started POST "/users" for ::1 at 2023-02-21 16:13:52 -0500
Processing by UsersController#create as HTML
  Parameters: {"authenticity_token"=>"[FILTERED]", "user"=>{"email"=>"test@test.com", "password"=>"[FILTERED]"}}
  [1m[36mTRANSACTION (0.2ms)[0m  [1m[35mBEGIN[0m
  ↳ app/models/user.rb:42:in `generate_unique_session_token'
  [1m[36mUser Exists? (0.8ms)[0m  [1m[34mSELECT 1 AS one FROM "users" WHERE "users"."session_token" = $1 LIMIT $2[0m  [["session_token", "[FILTERED]"], ["LIMIT", 1]]
  ↳ app/models/user.rb:42:in `generate_unique_session_token'
  [1m[36mUser Exists? (0.2ms)[0m  [1m[34mSELECT 1 AS one FROM "users" WHERE "users"."email" = $1 LIMIT $2[0m  [["email", "test@test.com"], ["LIMIT", 1]]
  ↳ app/controllers/users_controller.rb:9:in `create'
  [1m[36mCACHE User Exists? (0.0ms)[0m  [1m[34mSELECT 1 AS one FROM "users" WHERE "users"."session_token" = $1 LIMIT $2[0m  [["session_token", "[FILTERED]"], ["LIMIT", 1]]
  ↳ app/controllers/users_controller.rb:9:in `create'
  [1m[36mUser Create (2.5ms)[0m  [1m[32mINSERT INTO "users" ("email", "password_digest", "session_token", "created_at", "updated_at") VALUES ($1, $2, $3, $4, $5) RETURNING "id"[0m  [["email", "test@test.com"], ["password_digest", "[FILTERED]"], ["session_token", "[FILTERED]"], ["created_at", "2023-02-21 21:13:52.749333"], ["updated_at", "2023-02-21 21:13:52.749333"]]
  ↳ app/controllers/users_controller.rb:9:in `create'
  [1m[36mTRANSACTION (0.8ms)[0m  [1m[35mCOMMIT[0m
  ↳ app/controllers/users_controller.rb:9:in `create'
  [1m[36mUser Exists? (0.3ms)[0m  [1m[34mSELECT 1 AS one FROM "users" WHERE "users"."session_token" = $1 LIMIT $2[0m  [["session_token", "[FILTERED]"], ["LIMIT", 1]]
  ↳ app/models/user.rb:42:in `generate_unique_session_token'
  [1m[36mTRANSACTION (0.1ms)[0m  [1m[35mBEGIN[0m
  ↳ app/models/user.rb:50:in `reset_session_token!'
  [1m[36mUser Exists? (0.3ms)[0m  [1m[34mSELECT 1 AS one FROM "users" WHERE "users"."email" = $1 AND "users"."id" != $2 LIMIT $3[0m  [["email", "test@test.com"], ["id", 1], ["LIMIT", 1]]
  ↳ app/models/user.rb:50:in `reset_session_token!'
  [1m[36mUser Exists? (0.2ms)[0m  [1m[34mSELECT 1 AS one FROM "users" WHERE "users"."session_token" = $1 AND "users"."id" != $2 LIMIT $3[0m  [["session_token", "[FILTERED]"], ["id", 1], ["LIMIT", 1]]
  ↳ app/models/user.rb:50:in `reset_session_token!'
  [1m[36mUser Update (0.4ms)[0m  [1m[33mUPDATE "users" SET "session_token" = $1, "updated_at" = $2 WHERE "users"."id" = $3[0m  [["session_token", "[FILTERED]"], ["updated_at", "2023-02-21 21:13:52.757949"], ["id", 1]]
  ↳ app/models/user.rb:50:in `reset_session_token!'
  [1m[36mTRANSACTION (0.2ms)[0m  [1m[35mCOMMIT[0m
  ↳ app/models/user.rb:50:in `reset_session_token!'
Redirected to http://localhost:3000/users/1
Completed 302 Found in 291ms (ActiveRecord: 5.9ms | Allocations: 12870)


Started GET "/users/1" for ::1 at 2023-02-21 16:13:52 -0500
Processing by UsersController#show as HTML
  Parameters: {"id"=>"1"}
  [1m[36mUser Load (0.2ms)[0m  [1m[34mSELECT "users".* FROM "users" WHERE "users"."id" = $1 LIMIT $2[0m  [["id", 1], ["LIMIT", 1]]
  ↳ app/controllers/users_controller.rb:20:in `show'
  Rendering layout layouts/application.html.erb
  Rendering users/show.html.erb within layouts/application
  Rendered users/show.html.erb within layouts/application (Duration: 0.4ms | Allocations: 115)
  Rendered layout layouts/application.html.erb (Duration: 1.6ms | Allocations: 1457)
Completed 200 OK in 4ms (Views: 2.0ms | ActiveRecord: 0.3ms | Allocations: 3343)


Started GET "/users/" for ::1 at 2023-02-21 16:14:11 -0500
  
ActionController::RoutingError (No route matches [GET] "/users"):
  
Started GET "/users/new" for ::1 at 2023-02-21 16:14:17 -0500
Processing by UsersController#new as HTML
  Rendering layout layouts/application.html.erb
  Rendering users/new.html.erb within layouts/application
  Rendered users/new.html.erb within layouts/application (Duration: 2.0ms | Allocations: 326)
  Rendered layout layouts/application.html.erb (Duration: 9.0ms | Allocations: 1389)
Completed 200 OK in 12ms (Views: 10.5ms | ActiveRecord: 0.0ms | Allocations: 1673)


Started GET "/users/new" for ::1 at 2023-02-21 16:16:54 -0500
Processing by UsersController#new as HTML
  Rendering layout layouts/application.html.erb
  Rendering users/new.html.erb within layouts/application
  Rendered users/new.html.erb within layouts/application (Duration: 5.3ms | Allocations: 592)
  [1m[36mUser Load (2.2ms)[0m  [1m[34mSELECT "users".* FROM "users" WHERE "users"."session_token" = $1 LIMIT $2[0m  [["session_token", "[FILTERED]"], ["LIMIT", 1]]
  ↳ app/controllers/application_controller.rb:9:in `current_user'
  Rendered layout layouts/application.html.erb (Duration: 15.4ms | Allocations: 2815)
Completed 200 OK in 23ms (Views: 20.5ms | ActiveRecord: 2.2ms | Allocations: 3521)


Started GET "/session" for ::1 at 2023-02-21 16:17:05 -0500
  
ActionController::RoutingError (No route matches [GET] "/session"):
  
Started GET "/session" for ::1 at 2023-02-21 16:17:43 -0500
  
ActionController::RoutingError (No route matches [GET] "/session"):
  
Started GET "/session" for ::1 at 2023-02-21 16:18:57 -0500
  
ActionController::RoutingError (No route matches [GET] "/session"):
  
Started GET "/users/new" for ::1 at 2023-02-21 16:23:05 -0500
Processing by UsersController#new as HTML
  Rendering layout layouts/application.html.erb
  Rendering users/new.html.erb within layouts/application
  Rendered users/new.html.erb within layouts/application (Duration: 2.9ms | Allocations: 596)
  [1m[36mUser Load (0.9ms)[0m  [1m[34mSELECT "users".* FROM "users" WHERE "users"."session_token" = $1 LIMIT $2[0m  [["session_token", "[FILTERED]"], ["LIMIT", 1]]
  ↳ app/controllers/application_controller.rb:9:in `current_user'
  Rendered layout layouts/application.html.erb (Duration: 30.5ms | Allocations: 5638)
Completed 200 OK in 40ms (Views: 39.1ms | ActiveRecord: 9.1ms | Allocations: 6353)


Started GET "/users/new" for ::1 at 2023-02-21 16:23:06 -0500
Processing by UsersController#new as HTML
  Rendering layout layouts/application.html.erb
  Rendering users/new.html.erb within layouts/application
  Rendered users/new.html.erb within layouts/application (Duration: 0.4ms | Allocations: 316)
  [1m[36mUser Load (0.3ms)[0m  [1m[34mSELECT "users".* FROM "users" WHERE "users"."session_token" = $1 LIMIT $2[0m  [["session_token", "[FILTERED]"], ["LIMIT", 1]]
  ↳ app/controllers/application_controller.rb:9:in `current_user'
  Rendered layout layouts/application.html.erb (Duration: 4.4ms | Allocations: 1822)
Completed 200 OK in 5ms (Views: 4.4ms | ActiveRecord: 0.3ms | Allocations: 2064)


Started GET "/session" for ::1 at 2023-02-21 16:23:07 -0500
  
ActionController::RoutingError (No route matches [GET] "/session"):
  
Started GET "/users/new" for ::1 at 2023-02-21 16:25:51 -0500
Processing by UsersController#new as HTML
  Rendering layout layouts/application.html.erb
  Rendering users/new.html.erb within layouts/application
  Rendered users/new.html.erb within layouts/application (Duration: 5.1ms | Allocations: 570)
  [1m[36mUser Load (0.7ms)[0m  [1m[34mSELECT "users".* FROM "users" WHERE "users"."session_token" = $1 LIMIT $2[0m  [["session_token", "[FILTERED]"], ["LIMIT", 1]]
  ↳ app/controllers/application_controller.rb:9:in `current_user'
  Rendered layout layouts/application.html.erb (Duration: 13.2ms | Allocations: 2626)
Completed 200 OK in 18ms (Views: 16.8ms | ActiveRecord: 0.7ms | Allocations: 3324)


Started GET "/users/new" for ::1 at 2023-02-21 16:26:40 -0500
Processing by UsersController#new as HTML
  Rendering layout layouts/application.html.erb
  Rendering users/new.html.erb within layouts/application
  Rendered users/new.html.erb within layouts/application (Duration: 3.2ms | Allocations: 554)
  [1m[36mUser Load (0.6ms)[0m  [1m[34mSELECT "users".* FROM "users" WHERE "users"."session_token" = $1 LIMIT $2[0m  [["session_token", "[FILTERED]"], ["LIMIT", 1]]
  ↳ app/controllers/application_controller.rb:9:in `current_user'
  Rendered layout layouts/application.html.erb (Duration: 13.3ms | Allocations: 2614)
Completed 200 OK in 19ms (Views: 17.3ms | ActiveRecord: 0.6ms | Allocations: 3341)


Started GET "/users/new" for ::1 at 2023-02-21 16:27:36 -0500
Processing by UsersController#new as HTML
  Rendering layout layouts/application.html.erb
  Rendering users/new.html.erb within layouts/application
  Rendered users/new.html.erb within layouts/application (Duration: 2.8ms | Allocations: 568)
  [1m[36mUser Load (1.1ms)[0m  [1m[34mSELECT "users".* FROM "users" WHERE "users"."session_token" = $1 LIMIT $2[0m  [["session_token", "[FILTERED]"], ["LIMIT", 1]]
  ↳ app/controllers/application_controller.rb:9:in `current_user'
  Rendered layout layouts/application.html.erb (Duration: 9.4ms | Allocations: 2625)
Completed 200 OK in 20ms (Views: 18.6ms | ActiveRecord: 1.1ms | Allocations: 3343)


Started GET "/users/new" for ::1 at 2023-02-21 16:28:29 -0500
Processing by UsersController#new as HTML
  Rendering layout layouts/application.html.erb
  Rendering users/new.html.erb within layouts/application
  Rendered users/new.html.erb within layouts/application (Duration: 3.1ms | Allocations: 560)
  [1m[36mUser Load (1.6ms)[0m  [1m[34mSELECT "users".* FROM "users" WHERE "users"."session_token" = $1 LIMIT $2[0m  [["session_token", "[FILTERED]"], ["LIMIT", 1]]
  ↳ app/controllers/application_controller.rb:9:in `current_user'
  Rendered layout layouts/application.html.erb (Duration: 9.7ms | Allocations: 2636)
Completed 200 OK in 15ms (Views: 12.7ms | ActiveRecord: 1.6ms | Allocations: 3355)


Started GET "/users/new" for ::1 at 2023-02-21 16:28:29 -0500
Processing by UsersController#new as HTML
  Rendering layout layouts/application.html.erb
  Rendering users/new.html.erb within layouts/application
  Rendered users/new.html.erb within layouts/application (Duration: 0.9ms | Allocations: 334)
  [1m[36mUser Load (2.0ms)[0m  [1m[34mSELECT "users".* FROM "users" WHERE "users"."session_token" = $1 LIMIT $2[0m  [["session_token", "[FILTERED]"], ["LIMIT", 1]]
  ↳ app/controllers/application_controller.rb:9:in `current_user'
  Rendered layout layouts/application.html.erb (Duration: 9.8ms | Allocations: 1840)
Completed 200 OK in 11ms (Views: 8.8ms | ActiveRecord: 2.0ms | Allocations: 2081)


Started GET "/users/new" for ::1 at 2023-02-21 16:28:29 -0500
Processing by UsersController#new as HTML
  Rendering layout layouts/application.html.erb
  Rendering users/new.html.erb within layouts/application
  Rendered users/new.html.erb within layouts/application (Duration: 1.1ms | Allocations: 307)
  [1m[36mUser Load (0.7ms)[0m  [1m[34mSELECT "users".* FROM "users" WHERE "users"."session_token" = $1 LIMIT $2[0m  [["session_token", "[FILTERED]"], ["LIMIT", 1]]
  ↳ app/controllers/application_controller.rb:9:in `current_user'
  Rendered layout layouts/application.html.erb (Duration: 10.6ms | Allocations: 1813)
Completed 200 OK in 12ms (Views: 10.8ms | ActiveRecord: 0.7ms | Allocations: 2032)


Started GET "/users/new" for ::1 at 2023-02-21 16:28:30 -0500
Processing by UsersController#new as HTML
  Rendering layout layouts/application.html.erb
  Rendering users/new.html.erb within layouts/application
  Rendered users/new.html.erb within layouts/application (Duration: 0.7ms | Allocations: 322)
  [1m[36mUser Load (0.3ms)[0m  [1m[34mSELECT "users".* FROM "users" WHERE "users"."session_token" = $1 LIMIT $2[0m  [["session_token", "[FILTERED]"], ["LIMIT", 1]]
  ↳ app/controllers/application_controller.rb:9:in `current_user'
  Rendered layout layouts/application.html.erb (Duration: 4.1ms | Allocations: 1828)
Completed 200 OK in 4ms (Views: 4.1ms | ActiveRecord: 0.3ms | Allocations: 2047)


Started GET "/users/new" for ::1 at 2023-02-21 16:28:30 -0500
Processing by UsersController#new as HTML
  Rendering layout layouts/application.html.erb
  Rendering users/new.html.erb within layouts/application
  Rendered users/new.html.erb within layouts/application (Duration: 1.4ms | Allocations: 325)
  [1m[36mUser Load (0.5ms)[0m  [1m[34mSELECT "users".* FROM "users" WHERE "users"."session_token" = $1 LIMIT $2[0m  [["session_token", "[FILTERED]"], ["LIMIT", 1]]
  ↳ app/controllers/application_controller.rb:9:in `current_user'
  Rendered layout layouts/application.html.erb (Duration: 9.4ms | Allocations: 1831)
Completed 200 OK in 11ms (Views: 9.8ms | ActiveRecord: 0.5ms | Allocations: 2050)


Started GET "/users/new" for ::1 at 2023-02-21 16:28:31 -0500
Processing by UsersController#new as HTML
  Rendering layout layouts/application.html.erb
  Rendering users/new.html.erb within layouts/application
  Rendered users/new.html.erb within layouts/application (Duration: 1.8ms | Allocations: 313)
  [1m[36mUser Load (1.0ms)[0m  [1m[34mSELECT "users".* FROM "users" WHERE "users"."session_token" = $1 LIMIT $2[0m  [["session_token", "[FILTERED]"], ["LIMIT", 1]]
  ↳ app/controllers/application_controller.rb:9:in `current_user'
  Rendered layout layouts/application.html.erb (Duration: 10.0ms | Allocations: 1819)
Completed 200 OK in 16ms (Views: 13.8ms | ActiveRecord: 1.0ms | Allocations: 2038)


Started GET "/users/new" for ::1 at 2023-02-21 16:28:44 -0500
Processing by UsersController#new as HTML
  Rendering layout layouts/application.html.erb
  Rendering users/new.html.erb within layouts/application
  Rendered users/new.html.erb within layouts/application (Duration: 2.5ms | Allocations: 566)
  [1m[36mUser Load (0.4ms)[0m  [1m[34mSELECT "users".* FROM "users" WHERE "users"."session_token" = $1 LIMIT $2[0m  [["session_token", "[FILTERED]"], ["LIMIT", 1]]
  ↳ app/controllers/application_controller.rb:9:in `current_user'
  Rendered layout layouts/application.html.erb (Duration: 10.6ms | Allocations: 2634)
Completed 200 OK in 16ms (Views: 14.8ms | ActiveRecord: 0.4ms | Allocations: 3330)


Started GET "/users/new" for ::1 at 2023-02-21 16:28:49 -0500
Processing by UsersController#new as HTML
  Rendering layout layouts/application.html.erb
  Rendering users/new.html.erb within layouts/application
  Rendered users/new.html.erb within layouts/application (Duration: 3.1ms | Allocations: 575)
  [1m[36mUser Load (0.4ms)[0m  [1m[34mSELECT "users".* FROM "users" WHERE "users"."session_token" = $1 LIMIT $2[0m  [["session_token", "[FILTERED]"], ["LIMIT", 1]]
  ↳ app/controllers/application_controller.rb:9:in `current_user'
  Rendered layout layouts/application.html.erb (Duration: 10.5ms | Allocations: 2643)
Completed 200 OK in 16ms (Views: 15.0ms | ActiveRecord: 0.4ms | Allocations: 3361)


